<?xml version="1.0" encoding="UTF-8"?>
<!-- Generated by org.testng.reporters.JUnitXMLReporter -->
<testsuite ignored="0" hostname="01HW2174066" failures="1" tests="1" name="Testwo" time="21.516" errors="0" timestamp="2024-08-05T14:04:35 IST">
  <testcase classname="orangeHRMtest.MyinfoTest" name="testcase2" time="12.358">
    <failure type="java.lang.AssertionError" message="expected [true] but found [false]">
      <![CDATA[java.lang.AssertionError: expected [true] but found [false]
at orangeHRMtest.MyinfoTest.testcase2(MyinfoTest.java:44)
at java.base/java.util.ArrayList.forEach(ArrayList.java:1541)
... Removed 31 stack frames]]>
    </failure>
  </testcase> <!-- testcase2 -->
</testsuite> <!-- Testwo -->
